<test-run id="2" testcasecount="9" result="Passed" start-time="2025-10-10 13:58:37.750242" end-time="2025-10-10 13:58:38.048620" duration="0" total="9" passed="9" failed="0" inconclusive="0" skipped="0" asserts="0" clr-version="3.11.8 (tags/v3.11.8:db85d51, Feb  6 2024, 22:03:32) [MSC v.1937 64 bit (AMD64)]" engine-version="3.6.2"><command-line>C:\Users\Михаил\AppData\Local\Programs\Python\Python311\Scripts\pytest tests/ -v</command-line><filter><test re="0">tests/</test></filter><test-suite id="tests/test_llm.py" name="tests/test_llm.py" fullname="tests/test_llm.py" methodname="" classname="" runstate="Runnable" type="Assembly" testcasecount="2" result="Passed" label="Тесты для LLM сервиса" start-time="2025-10-10 13:58:38.030174" end-time="2025-10-10 13:58:38.033363" duration="0.003189" asserts="0" total="2" passed="2" failed="0" warnings="0" inconclusive="0" skipped="0"><properties><property name="python_version" value="3.11.8 (tags/v3.11.8:db85d51, Feb  6 2024, 22:03:32) [MSC v.1937 64 bit (AMD64)]" /></properties><test-case id="100" name="tests/test_llm.py::test_token_cleanup" fullname="tests/test_llm.py::test_token_cleanup" methodname="test_token_cleanup" classname="tests/test_llm.py" runstate="Runnable" seed="1" result="Passed" label="Тест очистки служебных токенов из ответа LLM" start-time="2025-10-10 13:58:38.030174" end-time="2025-10-10 13:58:38.031381" duration="0.001207" asserts="0"><properties><property name="python-version" value="3.11.8 (tags/v3.11.8:db85d51, Feb  6 2024, 22:03:32) [MSC v.1937 64 bit (AMD64)]" /><property name="fspath" value="tests/test_llm.py" /></properties><environment framework-version="3.6.2" clr-version="3.11.8 (tags/v3.11.8:db85d51, Feb  6 2024, 22:03:32) [MSC v.1937 64 bit (AMD64)]" os-version="10" platform="Windows" cwd="C:\zz\systtechbot" machine-name="AMD64" user="" user-domain="" culture="ru_RU" uiculture="ru_RU" os-architecture="64bit" /><failure><message><![CDATA[]]></message><stack-trace><![CDATA[None]]></stack-trace></failure><reason><message><![CDATA[]]></message></reason><output><![CDATA[]]></output></test-case><test-case id="101" name="tests/test_llm.py::test_multiple_tokens_removal" fullname="tests/test_llm.py::test_multiple_tokens_removal" methodname="test_multiple_tokens_removal" classname="tests/test_llm.py" runstate="Runnable" seed="1" result="Passed" label="Тест удаления всех типов токенов одновременно" start-time="2025-10-10 13:58:38.032385" end-time="2025-10-10 13:58:38.033363" duration="0.000978" asserts="0"><properties><property name="python-version" value="3.11.8 (tags/v3.11.8:db85d51, Feb  6 2024, 22:03:32) [MSC v.1937 64 bit (AMD64)]" /><property name="fspath" value="tests/test_llm.py" /></properties><environment framework-version="3.6.2" clr-version="3.11.8 (tags/v3.11.8:db85d51, Feb  6 2024, 22:03:32) [MSC v.1937 64 bit (AMD64)]" os-version="10" platform="Windows" cwd="C:\zz\systtechbot" machine-name="AMD64" user="" user-domain="" culture="ru_RU" uiculture="ru_RU" os-architecture="64bit" /><failure><message><![CDATA[]]></message><stack-trace><![CDATA[None]]></stack-trace></failure><reason><message><![CDATA[]]></message></reason><output><![CDATA[]]></output></test-case><environment framework-version="3.6.2" clr-version="3.11.8 (tags/v3.11.8:db85d51, Feb  6 2024, 22:03:32) [MSC v.1937 64 bit (AMD64)]" os-version="10" platform="Windows" cwd="C:\zz\systtechbot" machine-name="AMD64" user="" user-domain="" culture="ru_RU" uiculture="ru_RU" os-architecture="64bit" /></test-suite><test-suite id="tests/test_prompts.py" name="tests/test_prompts.py" fullname="tests/test_prompts.py" methodname="" classname="" runstate="Runnable" type="Assembly" testcasecount="7" result="Passed" label="Тесты для системных промптов" start-time="2025-10-10 13:58:38.034370" end-time="2025-10-10 13:58:38.048620" duration="0.01425" asserts="0" total="7" passed="7" failed="0" warnings="0" inconclusive="0" skipped="0"><properties><property name="python_version" value="3.11.8 (tags/v3.11.8:db85d51, Feb  6 2024, 22:03:32) [MSC v.1937 64 bit (AMD64)]" /></properties><test-case id="102" name="tests/test_prompts.py::test_default_prompt_without_name" fullname="tests/test_prompts.py::test_default_prompt_without_name" methodname="test_default_prompt_without_name" classname="tests/test_prompts.py" runstate="Runnable" seed="1" result="Passed" label="Тест получения промпта без имени пользователя" start-time="2025-10-10 13:58:38.034370" end-time="2025-10-10 13:58:38.035371" duration="0.001001" asserts="0"><properties><property name="python-version" value="3.11.8 (tags/v3.11.8:db85d51, Feb  6 2024, 22:03:32) [MSC v.1937 64 bit (AMD64)]" /><property name="fspath" value="tests/test_prompts.py" /></properties><environment framework-version="3.6.2" clr-version="3.11.8 (tags/v3.11.8:db85d51, Feb  6 2024, 22:03:32) [MSC v.1937 64 bit (AMD64)]" os-version="10" platform="Windows" cwd="C:\zz\systtechbot" machine-name="AMD64" user="" user-domain="" culture="ru_RU" uiculture="ru_RU" os-architecture="64bit" /><failure><message><![CDATA[]]></message><stack-trace><![CDATA[None]]></stack-trace></failure><reason><message><![CDATA[]]></message></reason><output><![CDATA[]]></output></test-case><test-case id="103" name="tests/test_prompts.py::test_prompt_with_user_name" fullname="tests/test_prompts.py::test_prompt_with_user_name" methodname="test_prompt_with_user_name" classname="tests/test_prompts.py" runstate="Runnable" seed="1" result="Passed" label="Тест получения промпта с именем пользователя" start-time="2025-10-10 13:58:38.037491" end-time="2025-10-10 13:58:38.040097" duration="0.002606" asserts="0"><properties><property name="python-version" value="3.11.8 (tags/v3.11.8:db85d51, Feb  6 2024, 22:03:32) [MSC v.1937 64 bit (AMD64)]" /><property name="fspath" value="tests/test_prompts.py" /></properties><environment framework-version="3.6.2" clr-version="3.11.8 (tags/v3.11.8:db85d51, Feb  6 2024, 22:03:32) [MSC v.1937 64 bit (AMD64)]" os-version="10" platform="Windows" cwd="C:\zz\systtechbot" machine-name="AMD64" user="" user-domain="" culture="ru_RU" uiculture="ru_RU" os-architecture="64bit" /><failure><message><![CDATA[]]></message><stack-trace><![CDATA[None]]></stack-trace></failure><reason><message><![CDATA[]]></message></reason><output><![CDATA[]]></output></test-case><test-case id="104" name="tests/test_prompts.py::test_prompt_with_empty_name" fullname="tests/test_prompts.py::test_prompt_with_empty_name" methodname="test_prompt_with_empty_name" classname="tests/test_prompts.py" runstate="Runnable" seed="1" result="Passed" label="Тест с пустым именем пользователя" start-time="2025-10-10 13:58:38.042105" end-time="2025-10-10 13:58:38.042105" duration="0.0" asserts="0"><properties><property name="python-version" value="3.11.8 (tags/v3.11.8:db85d51, Feb  6 2024, 22:03:32) [MSC v.1937 64 bit (AMD64)]" /><property name="fspath" value="tests/test_prompts.py" /></properties><environment framework-version="3.6.2" clr-version="3.11.8 (tags/v3.11.8:db85d51, Feb  6 2024, 22:03:32) [MSC v.1937 64 bit (AMD64)]" os-version="10" platform="Windows" cwd="C:\zz\systtechbot" machine-name="AMD64" user="" user-domain="" culture="ru_RU" uiculture="ru_RU" os-architecture="64bit" /><failure><message><![CDATA[]]></message><stack-trace><![CDATA[None]]></stack-trace></failure><reason><message><![CDATA[]]></message></reason><output><![CDATA[]]></output></test-case><test-case id="105" name="tests/test_prompts.py::test_prompt_with_none" fullname="tests/test_prompts.py::test_prompt_with_none" methodname="test_prompt_with_none" classname="tests/test_prompts.py" runstate="Runnable" seed="1" result="Passed" label="Тест с None вместо имени" start-time="2025-10-10 13:58:38.043105" end-time="2025-10-10 13:58:38.043105" duration="0.0" asserts="0"><properties><property name="python-version" value="3.11.8 (tags/v3.11.8:db85d51, Feb  6 2024, 22:03:32) [MSC v.1937 64 bit (AMD64)]" /><property name="fspath" value="tests/test_prompts.py" /></properties><environment framework-version="3.6.2" clr-version="3.11.8 (tags/v3.11.8:db85d51, Feb  6 2024, 22:03:32) [MSC v.1937 64 bit (AMD64)]" os-version="10" platform="Windows" cwd="C:\zz\systtechbot" machine-name="AMD64" user="" user-domain="" culture="ru_RU" uiculture="ru_RU" os-architecture="64bit" /><failure><message><![CDATA[]]></message><stack-trace><![CDATA[None]]></stack-trace></failure><reason><message><![CDATA[]]></message></reason><output><![CDATA[]]></output></test-case><test-case id="106" name="tests/test_prompts.py::test_prompt_content" fullname="tests/test_prompts.py::test_prompt_content" methodname="test_prompt_content" classname="tests/test_prompts.py" runstate="Runnable" seed="1" result="Passed" label="Тест содержимого базового промпта" start-time="2025-10-10 13:58:38.043105" end-time="2025-10-10 13:58:38.044612" duration="0.001507" asserts="0"><properties><property name="python-version" value="3.11.8 (tags/v3.11.8:db85d51, Feb  6 2024, 22:03:32) [MSC v.1937 64 bit (AMD64)]" /><property name="fspath" value="tests/test_prompts.py" /></properties><environment framework-version="3.6.2" clr-version="3.11.8 (tags/v3.11.8:db85d51, Feb  6 2024, 22:03:32) [MSC v.1937 64 bit (AMD64)]" os-version="10" platform="Windows" cwd="C:\zz\systtechbot" machine-name="AMD64" user="" user-domain="" culture="ru_RU" uiculture="ru_RU" os-architecture="64bit" /><failure><message><![CDATA[]]></message><stack-trace><![CDATA[None]]></stack-trace></failure><reason><message><![CDATA[]]></message></reason><output><![CDATA[]]></output></test-case><test-case id="107" name="tests/test_prompts.py::test_prompt_with_special_characters_in_name" fullname="tests/test_prompts.py::test_prompt_with_special_characters_in_name" methodname="test_prompt_with_special_characters_in_name" classname="tests/test_prompts.py" runstate="Runnable" seed="1" result="Passed" label="Тест с именем, содержащим специальные символы" start-time="2025-10-10 13:58:38.045651" end-time="2025-10-10 13:58:38.046619" duration="0.000968" asserts="0"><properties><property name="python-version" value="3.11.8 (tags/v3.11.8:db85d51, Feb  6 2024, 22:03:32) [MSC v.1937 64 bit (AMD64)]" /><property name="fspath" value="tests/test_prompts.py" /></properties><environment framework-version="3.6.2" clr-version="3.11.8 (tags/v3.11.8:db85d51, Feb  6 2024, 22:03:32) [MSC v.1937 64 bit (AMD64)]" os-version="10" platform="Windows" cwd="C:\zz\systtechbot" machine-name="AMD64" user="" user-domain="" culture="ru_RU" uiculture="ru_RU" os-architecture="64bit" /><failure><message><![CDATA[]]></message><stack-trace><![CDATA[None]]></stack-trace></failure><reason><message><![CDATA[]]></message></reason><output><![CDATA[]]></output></test-case><test-case id="108" name="tests/test_prompts.py::test_prompt_with_long_name" fullname="tests/test_prompts.py::test_prompt_with_long_name" methodname="test_prompt_with_long_name" classname="tests/test_prompts.py" runstate="Runnable" seed="1" result="Passed" label="Тест с очень длинным именем" start-time="2025-10-10 13:58:38.047622" end-time="2025-10-10 13:58:38.048620" duration="0.000998" asserts="0"><properties><property name="python-version" value="3.11.8 (tags/v3.11.8:db85d51, Feb  6 2024, 22:03:32) [MSC v.1937 64 bit (AMD64)]" /><property name="fspath" value="tests/test_prompts.py" /></properties><environment framework-version="3.6.2" clr-version="3.11.8 (tags/v3.11.8:db85d51, Feb  6 2024, 22:03:32) [MSC v.1937 64 bit (AMD64)]" os-version="10" platform="Windows" cwd="C:\zz\systtechbot" machine-name="AMD64" user="" user-domain="" culture="ru_RU" uiculture="ru_RU" os-architecture="64bit" /><failure><message><![CDATA[]]></message><stack-trace><![CDATA[None]]></stack-trace></failure><reason><message><![CDATA[]]></message></reason><output><![CDATA[]]></output></test-case><environment framework-version="3.6.2" clr-version="3.11.8 (tags/v3.11.8:db85d51, Feb  6 2024, 22:03:32) [MSC v.1937 64 bit (AMD64)]" os-version="10" platform="Windows" cwd="C:\zz\systtechbot" machine-name="AMD64" user="" user-domain="" culture="ru_RU" uiculture="ru_RU" os-architecture="64bit" /></test-suite></test-run>