<test-run id="2" testcasecount="0" result="Passed" start-time="2025-10-10 14:27:35.192978" end-time="2025-10-10 14:27:35.456724" duration="0" total="0" passed="0" failed="0" inconclusive="0" skipped="0" asserts="0" clr-version="3.11.8 (tags/v3.11.8:db85d51, Feb  6 2024, 22:03:32) [MSC v.1937 64 bit (AMD64)]" engine-version="3.6.2"><command-line>C:\Users\Михаил\AppData\Local\Programs\Python\Python311\Scripts\pytest tests/test_commands.py -v</command-line><filter><test re="0">tests/test_commands.py</test></filter></test-run>