<test-run id="2" testcasecount="21" result="Passed" start-time="2025-10-10 14:16:51.808517" end-time="2025-10-10 14:16:52.190424" duration="0" total="21" passed="21" failed="0" inconclusive="0" skipped="0" asserts="0" clr-version="3.11.8 (tags/v3.11.8:db85d51, Feb  6 2024, 22:03:32) [MSC v.1937 64 bit (AMD64)]" engine-version="3.6.2"><command-line>C:\Users\Михаил\AppData\Local\Programs\Python\Python311\Scripts\pytest tests/ -v</command-line><filter><test re="0">tests/</test></filter><test-suite id="tests/test_llm.py" name="tests/test_llm.py" fullname="tests/test_llm.py" methodname="" classname="" runstate="Runnable" type="Assembly" testcasecount="2" result="Passed" label="Тесты для LLM сервиса" start-time="2025-10-10 14:16:52.138220" end-time="2025-10-10 14:16:52.151961" duration="0.013741" asserts="0" total="2" passed="2" failed="0" warnings="0" inconclusive="0" skipped="0"><properties><property name="python_version" value="3.11.8 (tags/v3.11.8:db85d51, Feb  6 2024, 22:03:32) [MSC v.1937 64 bit (AMD64)]" /></properties><test-case id="112" name="tests/test_llm.py::test_token_cleanup" fullname="tests/test_llm.py::test_token_cleanup" methodname="test_token_cleanup" classname="tests/test_llm.py" runstate="Runnable" seed="1" result="Passed" label="Тест очистки служебных токенов из ответа LLM" start-time="2025-10-10 14:16:52.138220" end-time="2025-10-10 14:16:52.139221" duration="0.001001" asserts="0"><properties><property name="python-version" value="3.11.8 (tags/v3.11.8:db85d51, Feb  6 2024, 22:03:32) [MSC v.1937 64 bit (AMD64)]" /><property name="fspath" value="tests/test_llm.py" /></properties><environment framework-version="3.6.2" clr-version="3.11.8 (tags/v3.11.8:db85d51, Feb  6 2024, 22:03:32) [MSC v.1937 64 bit (AMD64)]" os-version="10" platform="Windows" cwd="C:\zz\systtechbot" machine-name="AMD64" user="" user-domain="" culture="ru_RU" uiculture="ru_RU" os-architecture="64bit" /><failure><message><![CDATA[]]></message><stack-trace><![CDATA[None]]></stack-trace></failure><reason><message><![CDATA[]]></message></reason><output><![CDATA[]]></output></test-case><test-case id="113" name="tests/test_llm.py::test_multiple_tokens_removal" fullname="tests/test_llm.py::test_multiple_tokens_removal" methodname="test_multiple_tokens_removal" classname="tests/test_llm.py" runstate="Runnable" seed="1" result="Passed" label="Тест удаления всех типов токенов одновременно" start-time="2025-10-10 14:16:52.142806" end-time="2025-10-10 14:16:52.151961" duration="0.009155" asserts="0"><properties><property name="python-version" value="3.11.8 (tags/v3.11.8:db85d51, Feb  6 2024, 22:03:32) [MSC v.1937 64 bit (AMD64)]" /><property name="fspath" value="tests/test_llm.py" /></properties><environment framework-version="3.6.2" clr-version="3.11.8 (tags/v3.11.8:db85d51, Feb  6 2024, 22:03:32) [MSC v.1937 64 bit (AMD64)]" os-version="10" platform="Windows" cwd="C:\zz\systtechbot" machine-name="AMD64" user="" user-domain="" culture="ru_RU" uiculture="ru_RU" os-architecture="64bit" /><failure><message><![CDATA[]]></message><stack-trace><![CDATA[None]]></stack-trace></failure><reason><message><![CDATA[]]></message></reason><output><![CDATA[]]></output></test-case><environment framework-version="3.6.2" clr-version="3.11.8 (tags/v3.11.8:db85d51, Feb  6 2024, 22:03:32) [MSC v.1937 64 bit (AMD64)]" os-version="10" platform="Windows" cwd="C:\zz\systtechbot" machine-name="AMD64" user="" user-domain="" culture="ru_RU" uiculture="ru_RU" os-architecture="64bit" /></test-suite><test-suite id="tests/test_prompts.py" name="tests/test_prompts.py" fullname="tests/test_prompts.py" methodname="" classname="" runstate="Runnable" type="Assembly" testcasecount="7" result="Passed" label="Тесты для системных промптов" start-time="2025-10-10 14:16:52.156497" end-time="2025-10-10 14:16:52.190424" duration="0.033927" asserts="0" total="7" passed="7" failed="0" warnings="0" inconclusive="0" skipped="0"><properties><property name="python_version" value="3.11.8 (tags/v3.11.8:db85d51, Feb  6 2024, 22:03:32) [MSC v.1937 64 bit (AMD64)]" /></properties><test-case id="114" name="tests/test_prompts.py::test_default_prompt_without_name" fullname="tests/test_prompts.py::test_default_prompt_without_name" methodname="test_default_prompt_without_name" classname="tests/test_prompts.py" runstate="Runnable" seed="1" result="Passed" label="Тест получения промпта без имени пользователя" start-time="2025-10-10 14:16:52.156497" end-time="2025-10-10 14:16:52.162065" duration="0.005568" asserts="0"><properties><property name="python-version" value="3.11.8 (tags/v3.11.8:db85d51, Feb  6 2024, 22:03:32) [MSC v.1937 64 bit (AMD64)]" /><property name="fspath" value="tests/test_prompts.py" /></properties><environment framework-version="3.6.2" clr-version="3.11.8 (tags/v3.11.8:db85d51, Feb  6 2024, 22:03:32) [MSC v.1937 64 bit (AMD64)]" os-version="10" platform="Windows" cwd="C:\zz\systtechbot" machine-name="AMD64" user="" user-domain="" culture="ru_RU" uiculture="ru_RU" os-architecture="64bit" /><failure><message><![CDATA[]]></message><stack-trace><![CDATA[None]]></stack-trace></failure><reason><message><![CDATA[]]></message></reason><output><![CDATA[]]></output></test-case><test-case id="115" name="tests/test_prompts.py::test_prompt_with_user_name" fullname="tests/test_prompts.py::test_prompt_with_user_name" methodname="test_prompt_with_user_name" classname="tests/test_prompts.py" runstate="Runnable" seed="1" result="Passed" label="Тест получения промпта с именем пользователя" start-time="2025-10-10 14:16:52.167646" end-time="2025-10-10 14:16:52.170161" duration="0.002515" asserts="0"><properties><property name="python-version" value="3.11.8 (tags/v3.11.8:db85d51, Feb  6 2024, 22:03:32) [MSC v.1937 64 bit (AMD64)]" /><property name="fspath" value="tests/test_prompts.py" /></properties><environment framework-version="3.6.2" clr-version="3.11.8 (tags/v3.11.8:db85d51, Feb  6 2024, 22:03:32) [MSC v.1937 64 bit (AMD64)]" os-version="10" platform="Windows" cwd="C:\zz\systtechbot" machine-name="AMD64" user="" user-domain="" culture="ru_RU" uiculture="ru_RU" os-architecture="64bit" /><failure><message><![CDATA[]]></message><stack-trace><![CDATA[None]]></stack-trace></failure><reason><message><![CDATA[]]></message></reason><output><![CDATA[]]></output></test-case><test-case id="116" name="tests/test_prompts.py::test_prompt_with_empty_name" fullname="tests/test_prompts.py::test_prompt_with_empty_name" methodname="test_prompt_with_empty_name" classname="tests/test_prompts.py" runstate="Runnable" seed="1" result="Passed" label="Тест с пустым именем пользователя" start-time="2025-10-10 14:16:52.173193" end-time="2025-10-10 14:16:52.174171" duration="0.000978" asserts="0"><properties><property name="python-version" value="3.11.8 (tags/v3.11.8:db85d51, Feb  6 2024, 22:03:32) [MSC v.1937 64 bit (AMD64)]" /><property name="fspath" value="tests/test_prompts.py" /></properties><environment framework-version="3.6.2" clr-version="3.11.8 (tags/v3.11.8:db85d51, Feb  6 2024, 22:03:32) [MSC v.1937 64 bit (AMD64)]" os-version="10" platform="Windows" cwd="C:\zz\systtechbot" machine-name="AMD64" user="" user-domain="" culture="ru_RU" uiculture="ru_RU" os-architecture="64bit" /><failure><message><![CDATA[]]></message><stack-trace><![CDATA[None]]></stack-trace></failure><reason><message><![CDATA[]]></message></reason><output><![CDATA[]]></output></test-case><test-case id="117" name="tests/test_prompts.py::test_prompt_with_none" fullname="tests/test_prompts.py::test_prompt_with_none" methodname="test_prompt_with_none" classname="tests/test_prompts.py" runstate="Runnable" seed="1" result="Passed" label="Тест с None вместо имени" start-time="2025-10-10 14:16:52.176175" end-time="2025-10-10 14:16:52.177495" duration="0.00132" asserts="0"><properties><property name="python-version" value="3.11.8 (tags/v3.11.8:db85d51, Feb  6 2024, 22:03:32) [MSC v.1937 64 bit (AMD64)]" /><property name="fspath" value="tests/test_prompts.py" /></properties><environment framework-version="3.6.2" clr-version="3.11.8 (tags/v3.11.8:db85d51, Feb  6 2024, 22:03:32) [MSC v.1937 64 bit (AMD64)]" os-version="10" platform="Windows" cwd="C:\zz\systtechbot" machine-name="AMD64" user="" user-domain="" culture="ru_RU" uiculture="ru_RU" os-architecture="64bit" /><failure><message><![CDATA[]]></message><stack-trace><![CDATA[None]]></stack-trace></failure><reason><message><![CDATA[]]></message></reason><output><![CDATA[]]></output></test-case><test-case id="118" name="tests/test_prompts.py::test_prompt_content" fullname="tests/test_prompts.py::test_prompt_content" methodname="test_prompt_content" classname="tests/test_prompts.py" runstate="Runnable" seed="1" result="Passed" label="Тест содержимого базового промпта" start-time="2025-10-10 14:16:52.178507" end-time="2025-10-10 14:16:52.181044" duration="0.002537" asserts="0"><properties><property name="python-version" value="3.11.8 (tags/v3.11.8:db85d51, Feb  6 2024, 22:03:32) [MSC v.1937 64 bit (AMD64)]" /><property name="fspath" value="tests/test_prompts.py" /></properties><environment framework-version="3.6.2" clr-version="3.11.8 (tags/v3.11.8:db85d51, Feb  6 2024, 22:03:32) [MSC v.1937 64 bit (AMD64)]" os-version="10" platform="Windows" cwd="C:\zz\systtechbot" machine-name="AMD64" user="" user-domain="" culture="ru_RU" uiculture="ru_RU" os-architecture="64bit" /><failure><message><![CDATA[]]></message><stack-trace><![CDATA[None]]></stack-trace></failure><reason><message><![CDATA[]]></message></reason><output><![CDATA[]]></output></test-case><test-case id="119" name="tests/test_prompts.py::test_prompt_with_special_characters_in_name" fullname="tests/test_prompts.py::test_prompt_with_special_characters_in_name" methodname="test_prompt_with_special_characters_in_name" classname="tests/test_prompts.py" runstate="Runnable" seed="1" result="Passed" label="Тест с именем, содержащим специальные символы" start-time="2025-10-10 14:16:52.184359" end-time="2025-10-10 14:16:52.186389" duration="0.00203" asserts="0"><properties><property name="python-version" value="3.11.8 (tags/v3.11.8:db85d51, Feb  6 2024, 22:03:32) [MSC v.1937 64 bit (AMD64)]" /><property name="fspath" value="tests/test_prompts.py" /></properties><environment framework-version="3.6.2" clr-version="3.11.8 (tags/v3.11.8:db85d51, Feb  6 2024, 22:03:32) [MSC v.1937 64 bit (AMD64)]" os-version="10" platform="Windows" cwd="C:\zz\systtechbot" machine-name="AMD64" user="" user-domain="" culture="ru_RU" uiculture="ru_RU" os-architecture="64bit" /><failure><message><![CDATA[]]></message><stack-trace><![CDATA[None]]></stack-trace></failure><reason><message><![CDATA[]]></message></reason><output><![CDATA[]]></output></test-case><test-case id="120" name="tests/test_prompts.py::test_prompt_with_long_name" fullname="tests/test_prompts.py::test_prompt_with_long_name" methodname="test_prompt_with_long_name" classname="tests/test_prompts.py" runstate="Runnable" seed="1" result="Passed" label="Тест с очень длинным именем" start-time="2025-10-10 14:16:52.187392" end-time="2025-10-10 14:16:52.190424" duration="0.003032" asserts="0"><properties><property name="python-version" value="3.11.8 (tags/v3.11.8:db85d51, Feb  6 2024, 22:03:32) [MSC v.1937 64 bit (AMD64)]" /><property name="fspath" value="tests/test_prompts.py" /></properties><environment framework-version="3.6.2" clr-version="3.11.8 (tags/v3.11.8:db85d51, Feb  6 2024, 22:03:32) [MSC v.1937 64 bit (AMD64)]" os-version="10" platform="Windows" cwd="C:\zz\systtechbot" machine-name="AMD64" user="" user-domain="" culture="ru_RU" uiculture="ru_RU" os-architecture="64bit" /><failure><message><![CDATA[]]></message><stack-trace><![CDATA[None]]></stack-trace></failure><reason><message><![CDATA[]]></message></reason><output><![CDATA[]]></output></test-case><environment framework-version="3.6.2" clr-version="3.11.8 (tags/v3.11.8:db85d51, Feb  6 2024, 22:03:32) [MSC v.1937 64 bit (AMD64)]" os-version="10" platform="Windows" cwd="C:\zz\systtechbot" machine-name="AMD64" user="" user-domain="" culture="ru_RU" uiculture="ru_RU" os-architecture="64bit" /></test-suite><test-suite id="tests/test_context.py" name="tests/test_context.py" fullname="tests/test_context.py" methodname="" classname="" runstate="Runnable" type="Assembly" testcasecount="12" result="Passed" label="Тесты для управления контекстом диалогов" start-time="2025-10-10 14:16:52.101974" end-time="2025-10-10 14:16:52.136224" duration="0.03425" asserts="0" total="12" passed="12" failed="0" warnings="0" inconclusive="0" skipped="0"><properties><property name="python_version" value="3.11.8 (tags/v3.11.8:db85d51, Feb  6 2024, 22:03:32) [MSC v.1937 64 bit (AMD64)]" /></properties><test-case id="100" name="tests/test_context.py::test_get_context_empty" fullname="tests/test_context.py::test_get_context_empty" methodname="test_get_context_empty" classname="tests/test_context.py" runstate="Runnable" seed="1" result="Passed" label="Тест получения пустого контекста" start-time="2025-10-10 14:16:52.101974" end-time="2025-10-10 14:16:52.102967" duration="0.000993" asserts="0"><properties><property name="python-version" value="3.11.8 (tags/v3.11.8:db85d51, Feb  6 2024, 22:03:32) [MSC v.1937 64 bit (AMD64)]" /><property name="fspath" value="tests/test_context.py" /></properties><environment framework-version="3.6.2" clr-version="3.11.8 (tags/v3.11.8:db85d51, Feb  6 2024, 22:03:32) [MSC v.1937 64 bit (AMD64)]" os-version="10" platform="Windows" cwd="C:\zz\systtechbot" machine-name="AMD64" user="" user-domain="" culture="ru_RU" uiculture="ru_RU" os-architecture="64bit" /><failure><message><![CDATA[]]></message><stack-trace><![CDATA[None]]></stack-trace></failure><reason><message><![CDATA[]]></message></reason><output><![CDATA[]]></output></test-case><test-case id="101" name="tests/test_context.py::test_save_and_get_context" fullname="tests/test_context.py::test_save_and_get_context" methodname="test_save_and_get_context" classname="tests/test_context.py" runstate="Runnable" seed="1" result="Passed" label="Тест сохранения и получения контекста" start-time="2025-10-10 14:16:52.104476" end-time="2025-10-10 14:16:52.105487" duration="0.001011" asserts="0"><properties><property name="python-version" value="3.11.8 (tags/v3.11.8:db85d51, Feb  6 2024, 22:03:32) [MSC v.1937 64 bit (AMD64)]" /><property name="fspath" value="tests/test_context.py" /></properties><environment framework-version="3.6.2" clr-version="3.11.8 (tags/v3.11.8:db85d51, Feb  6 2024, 22:03:32) [MSC v.1937 64 bit (AMD64)]" os-version="10" platform="Windows" cwd="C:\zz\systtechbot" machine-name="AMD64" user="" user-domain="" culture="ru_RU" uiculture="ru_RU" os-architecture="64bit" /><failure><message><![CDATA[]]></message><stack-trace><![CDATA[None]]></stack-trace></failure><reason><message><![CDATA[]]></message></reason><output><![CDATA[]]></output></test-case><test-case id="102" name="tests/test_context.py::test_save_context_without_name" fullname="tests/test_context.py::test_save_context_without_name" methodname="test_save_context_without_name" classname="tests/test_context.py" runstate="Runnable" seed="1" result="Passed" label="Тест сохранения контекста без имени пользователя" start-time="2025-10-10 14:16:52.106496" end-time="2025-10-10 14:16:52.107500" duration="0.001004" asserts="0"><properties><property name="python-version" value="3.11.8 (tags/v3.11.8:db85d51, Feb  6 2024, 22:03:32) [MSC v.1937 64 bit (AMD64)]" /><property name="fspath" value="tests/test_context.py" /></properties><environment framework-version="3.6.2" clr-version="3.11.8 (tags/v3.11.8:db85d51, Feb  6 2024, 22:03:32) [MSC v.1937 64 bit (AMD64)]" os-version="10" platform="Windows" cwd="C:\zz\systtechbot" machine-name="AMD64" user="" user-domain="" culture="ru_RU" uiculture="ru_RU" os-architecture="64bit" /><failure><message><![CDATA[]]></message><stack-trace><![CDATA[None]]></stack-trace></failure><reason><message><![CDATA[]]></message></reason><output><![CDATA[]]></output></test-case><test-case id="103" name="tests/test_context.py::test_clear_context" fullname="tests/test_context.py::test_clear_context" methodname="test_clear_context" classname="tests/test_context.py" runstate="Runnable" seed="1" result="Passed" label="Тест очистки контекста" start-time="2025-10-10 14:16:52.108502" end-time="2025-10-10 14:16:52.108502" duration="0.0" asserts="0"><properties><property name="python-version" value="3.11.8 (tags/v3.11.8:db85d51, Feb  6 2024, 22:03:32) [MSC v.1937 64 bit (AMD64)]" /><property name="fspath" value="tests/test_context.py" /></properties><environment framework-version="3.6.2" clr-version="3.11.8 (tags/v3.11.8:db85d51, Feb  6 2024, 22:03:32) [MSC v.1937 64 bit (AMD64)]" os-version="10" platform="Windows" cwd="C:\zz\systtechbot" machine-name="AMD64" user="" user-domain="" culture="ru_RU" uiculture="ru_RU" os-architecture="64bit" /><failure><message><![CDATA[]]></message><stack-trace><![CDATA[None]]></stack-trace></failure><reason><message><![CDATA[]]></message></reason><output><![CDATA[]]></output></test-case><test-case id="104" name="tests/test_context.py::test_clear_nonexistent_context" fullname="tests/test_context.py::test_clear_nonexistent_context" methodname="test_clear_nonexistent_context" classname="tests/test_context.py" runstate="Runnable" seed="1" result="Passed" label="Тест очистки несуществующего контекста (не должно падать)" start-time="2025-10-10 14:16:52.110020" end-time="2025-10-10 14:16:52.112035" duration="0.002015" asserts="0"><properties><property name="python-version" value="3.11.8 (tags/v3.11.8:db85d51, Feb  6 2024, 22:03:32) [MSC v.1937 64 bit (AMD64)]" /><property name="fspath" value="tests/test_context.py" /></properties><environment framework-version="3.6.2" clr-version="3.11.8 (tags/v3.11.8:db85d51, Feb  6 2024, 22:03:32) [MSC v.1937 64 bit (AMD64)]" os-version="10" platform="Windows" cwd="C:\zz\systtechbot" machine-name="AMD64" user="" user-domain="" culture="ru_RU" uiculture="ru_RU" os-architecture="64bit" /><failure><message><![CDATA[]]></message><stack-trace><![CDATA[None]]></stack-trace></failure><reason><message><![CDATA[]]></message></reason><output><![CDATA[]]></output></test-case><test-case id="105" name="tests/test_context.py::test_trim_context_keeps_system_prompt" fullname="tests/test_context.py::test_trim_context_keeps_system_prompt" methodname="test_trim_context_keeps_system_prompt" classname="tests/test_context.py" runstate="Runnable" seed="1" result="Passed" label="Тест усечения контекста - system prompt всегда сохраняется" start-time="2025-10-10 14:16:52.113043" end-time="2025-10-10 14:16:52.115581" duration="0.002538" asserts="0"><properties><property name="python-version" value="3.11.8 (tags/v3.11.8:db85d51, Feb  6 2024, 22:03:32) [MSC v.1937 64 bit (AMD64)]" /><property name="fspath" value="tests/test_context.py" /></properties><environment framework-version="3.6.2" clr-version="3.11.8 (tags/v3.11.8:db85d51, Feb  6 2024, 22:03:32) [MSC v.1937 64 bit (AMD64)]" os-version="10" platform="Windows" cwd="C:\zz\systtechbot" machine-name="AMD64" user="" user-domain="" culture="ru_RU" uiculture="ru_RU" os-architecture="64bit" /><failure><message><![CDATA[]]></message><stack-trace><![CDATA[None]]></stack-trace></failure><reason><message><![CDATA[]]></message></reason><output><![CDATA[]]></output></test-case><test-case id="106" name="tests/test_context.py::test_trim_context_no_trimming_needed" fullname="tests/test_context.py::test_trim_context_no_trimming_needed" methodname="test_trim_context_no_trimming_needed" classname="tests/test_context.py" runstate="Runnable" seed="1" result="Passed" label="Тест усечения когда сообщений меньше лимита" start-time="2025-10-10 14:16:52.118594" end-time="2025-10-10 14:16:52.120101" duration="0.001507" asserts="0"><properties><property name="python-version" value="3.11.8 (tags/v3.11.8:db85d51, Feb  6 2024, 22:03:32) [MSC v.1937 64 bit (AMD64)]" /><property name="fspath" value="tests/test_context.py" /></properties><environment framework-version="3.6.2" clr-version="3.11.8 (tags/v3.11.8:db85d51, Feb  6 2024, 22:03:32) [MSC v.1937 64 bit (AMD64)]" os-version="10" platform="Windows" cwd="C:\zz\systtechbot" machine-name="AMD64" user="" user-domain="" culture="ru_RU" uiculture="ru_RU" os-architecture="64bit" /><failure><message><![CDATA[]]></message><stack-trace><![CDATA[None]]></stack-trace></failure><reason><message><![CDATA[]]></message></reason><output><![CDATA[]]></output></test-case><test-case id="107" name="tests/test_context.py::test_trim_context_empty" fullname="tests/test_context.py::test_trim_context_empty" methodname="test_trim_context_empty" classname="tests/test_context.py" runstate="Runnable" seed="1" result="Passed" label="Тест усечения пустого контекста" start-time="2025-10-10 14:16:52.121108" end-time="2025-10-10 14:16:52.122110" duration="0.001002" asserts="0"><properties><property name="python-version" value="3.11.8 (tags/v3.11.8:db85d51, Feb  6 2024, 22:03:32) [MSC v.1937 64 bit (AMD64)]" /><property name="fspath" value="tests/test_context.py" /></properties><environment framework-version="3.6.2" clr-version="3.11.8 (tags/v3.11.8:db85d51, Feb  6 2024, 22:03:32) [MSC v.1937 64 bit (AMD64)]" os-version="10" platform="Windows" cwd="C:\zz\systtechbot" machine-name="AMD64" user="" user-domain="" culture="ru_RU" uiculture="ru_RU" os-architecture="64bit" /><failure><message><![CDATA[]]></message><stack-trace><![CDATA[None]]></stack-trace></failure><reason><message><![CDATA[]]></message></reason><output><![CDATA[]]></output></test-case><test-case id="108" name="tests/test_context.py::test_trim_context_exact_limit" fullname="tests/test_context.py::test_trim_context_exact_limit" methodname="test_trim_context_exact_limit" classname="tests/test_context.py" runstate="Runnable" seed="1" result="Passed" label="Тест усечения при точном соответствии лимиту" start-time="2025-10-10 14:16:52.123109" end-time="2025-10-10 14:16:52.124620" duration="0.001511" asserts="0"><properties><property name="python-version" value="3.11.8 (tags/v3.11.8:db85d51, Feb  6 2024, 22:03:32) [MSC v.1937 64 bit (AMD64)]" /><property name="fspath" value="tests/test_context.py" /></properties><environment framework-version="3.6.2" clr-version="3.11.8 (tags/v3.11.8:db85d51, Feb  6 2024, 22:03:32) [MSC v.1937 64 bit (AMD64)]" os-version="10" platform="Windows" cwd="C:\zz\systtechbot" machine-name="AMD64" user="" user-domain="" culture="ru_RU" uiculture="ru_RU" os-architecture="64bit" /><failure><message><![CDATA[]]></message><stack-trace><![CDATA[None]]></stack-trace></failure><reason><message><![CDATA[]]></message></reason><output><![CDATA[]]></output></test-case><test-case id="109" name="tests/test_context.py::test_multiple_users_separate_contexts" fullname="tests/test_context.py::test_multiple_users_separate_contexts" methodname="test_multiple_users_separate_contexts" classname="tests/test_context.py" runstate="Runnable" seed="1" result="Passed" label="Тест раздельных контекстов для разных пользователей" start-time="2025-10-10 14:16:52.126632" end-time="2025-10-10 14:16:52.127627" duration="0.000995" asserts="0"><properties><property name="python-version" value="3.11.8 (tags/v3.11.8:db85d51, Feb  6 2024, 22:03:32) [MSC v.1937 64 bit (AMD64)]" /><property name="fspath" value="tests/test_context.py" /></properties><environment framework-version="3.6.2" clr-version="3.11.8 (tags/v3.11.8:db85d51, Feb  6 2024, 22:03:32) [MSC v.1937 64 bit (AMD64)]" os-version="10" platform="Windows" cwd="C:\zz\systtechbot" machine-name="AMD64" user="" user-domain="" culture="ru_RU" uiculture="ru_RU" os-architecture="64bit" /><failure><message><![CDATA[]]></message><stack-trace><![CDATA[None]]></stack-trace></failure><reason><message><![CDATA[]]></message></reason><output><![CDATA[]]></output></test-case><test-case id="110" name="tests/test_context.py::test_same_user_different_chats" fullname="tests/test_context.py::test_same_user_different_chats" methodname="test_same_user_different_chats" classname="tests/test_context.py" runstate="Runnable" seed="1" result="Passed" label="Тест разных контекстов для одного пользователя в разных чатах" start-time="2025-10-10 14:16:52.128631" end-time="2025-10-10 14:16:52.131176" duration="0.002545" asserts="0"><properties><property name="python-version" value="3.11.8 (tags/v3.11.8:db85d51, Feb  6 2024, 22:03:32) [MSC v.1937 64 bit (AMD64)]" /><property name="fspath" value="tests/test_context.py" /></properties><environment framework-version="3.6.2" clr-version="3.11.8 (tags/v3.11.8:db85d51, Feb  6 2024, 22:03:32) [MSC v.1937 64 bit (AMD64)]" os-version="10" platform="Windows" cwd="C:\zz\systtechbot" machine-name="AMD64" user="" user-domain="" culture="ru_RU" uiculture="ru_RU" os-architecture="64bit" /><failure><message><![CDATA[]]></message><stack-trace><![CDATA[None]]></stack-trace></failure><reason><message><![CDATA[]]></message></reason><output><![CDATA[]]></output></test-case><test-case id="111" name="tests/test_context.py::test_context_update" fullname="tests/test_context.py::test_context_update" methodname="test_context_update" classname="tests/test_context.py" runstate="Runnable" seed="1" result="Passed" label="Тест обновления существующего контекста" start-time="2025-10-10 14:16:52.134688" end-time="2025-10-10 14:16:52.136224" duration="0.001536" asserts="0"><properties><property name="python-version" value="3.11.8 (tags/v3.11.8:db85d51, Feb  6 2024, 22:03:32) [MSC v.1937 64 bit (AMD64)]" /><property name="fspath" value="tests/test_context.py" /></properties><environment framework-version="3.6.2" clr-version="3.11.8 (tags/v3.11.8:db85d51, Feb  6 2024, 22:03:32) [MSC v.1937 64 bit (AMD64)]" os-version="10" platform="Windows" cwd="C:\zz\systtechbot" machine-name="AMD64" user="" user-domain="" culture="ru_RU" uiculture="ru_RU" os-architecture="64bit" /><failure><message><![CDATA[]]></message><stack-trace><![CDATA[None]]></stack-trace></failure><reason><message><![CDATA[]]></message></reason><output><![CDATA[]]></output></test-case><environment framework-version="3.6.2" clr-version="3.11.8 (tags/v3.11.8:db85d51, Feb  6 2024, 22:03:32) [MSC v.1937 64 bit (AMD64)]" os-version="10" platform="Windows" cwd="C:\zz\systtechbot" machine-name="AMD64" user="" user-domain="" culture="ru_RU" uiculture="ru_RU" os-architecture="64bit" /></test-suite></test-run>